mode: atomic
github.com/disaster37/elktools/v7/helper/regex.go:11.68,12.17 1 1
github.com/disaster37/elktools/v7/helper/regex.go:16.2,17.16 2 1
github.com/disaster37/elktools/v7/helper/regex.go:21.2,22.19 2 1
github.com/disaster37/elktools/v7/helper/regex.go:12.17,14.3 1 0
github.com/disaster37/elktools/v7/helper/regex.go:17.16,19.3 1 0
github.com/disaster37/elktools/v7/helper/convert.go:12.52,17.16 3 1
github.com/disaster37/elktools/v7/helper/convert.go:21.2,21.23 1 1
github.com/disaster37/elktools/v7/helper/convert.go:17.16,19.3 1 0
github.com/disaster37/elktools/v7/helper/convert.go:27.64,32.16 3 1
github.com/disaster37/elktools/v7/helper/convert.go:36.2,36.12 1 1
github.com/disaster37/elktools/v7/helper/convert.go:32.16,34.3 1 0
github.com/disaster37/elktools/v7/helper/file.go:15.51,17.16 1 1
github.com/disaster37/elktools/v7/helper/file.go:20.2,20.23 1 1
github.com/disaster37/elktools/v7/helper/file.go:24.2,25.16 2 1
github.com/disaster37/elktools/v7/helper/file.go:28.2,30.16 3 1
github.com/disaster37/elktools/v7/helper/file.go:34.2,36.12 2 1
github.com/disaster37/elktools/v7/helper/file.go:17.16,19.3 1 0
github.com/disaster37/elktools/v7/helper/file.go:20.23,22.3 1 0
github.com/disaster37/elktools/v7/helper/file.go:25.16,27.3 1 0
github.com/disaster37/elktools/v7/helper/file.go:30.16,32.3 1 0
github.com/disaster37/elktools/v7/helper/file.go:43.71,44.16 1 1
github.com/disaster37/elktools/v7/helper/file.go:48.2,50.82 2 1
github.com/disaster37/elktools/v7/helper/file.go:57.2,57.16 1 1
github.com/disaster37/elktools/v7/helper/file.go:61.2,61.19 1 1
github.com/disaster37/elktools/v7/helper/file.go:44.16,46.3 1 0
github.com/disaster37/elktools/v7/helper/file.go:50.82,51.38 1 2
github.com/disaster37/elktools/v7/helper/file.go:54.3,54.13 1 2
github.com/disaster37/elktools/v7/helper/file.go:51.38,53.4 1 1
github.com/disaster37/elktools/v7/helper/file.go:57.16,59.3 1 0
github.com/disaster37/elktools/v7/helper/file.go:65.56,66.20 1 1
github.com/disaster37/elktools/v7/helper/file.go:70.2,73.16 3 1
github.com/disaster37/elktools/v7/helper/file.go:77.2,78.16 2 1
github.com/disaster37/elktools/v7/helper/file.go:82.2,82.12 1 1
github.com/disaster37/elktools/v7/helper/file.go:66.20,68.3 1 0
github.com/disaster37/elktools/v7/helper/file.go:73.16,75.3 1 0
github.com/disaster37/elktools/v7/helper/file.go:78.16,80.3 1 0
github.com/disaster37/elktools/v7/kibana/kibana.go:11.75,13.33 1 0
github.com/disaster37/elktools/v7/kibana/kibana.go:17.2,31.16 7 0
github.com/disaster37/elktools/v7/kibana/kibana.go:35.2,36.16 2 0
github.com/disaster37/elktools/v7/kibana/kibana.go:40.2,40.16 1 0
github.com/disaster37/elktools/v7/kibana/kibana.go:13.33,15.3 1 0
github.com/disaster37/elktools/v7/kibana/kibana.go:31.16,33.3 1 0
github.com/disaster37/elktools/v7/kibana/kibana.go:36.16,38.3 1 0
github.com/disaster37/elktools/v7/kibana/kibana.go:44.43,47.16 2 0
github.com/disaster37/elktools/v7/kibana/kibana.go:51.2,52.16 2 0
github.com/disaster37/elktools/v7/kibana/kibana.go:56.2,58.12 2 0
github.com/disaster37/elktools/v7/kibana/kibana.go:47.16,49.3 1 0
github.com/disaster37/elktools/v7/kibana/kibana.go:52.16,54.3 1 0
github.com/disaster37/elktools/v7/kibana/kibana.go:61.46,65.2 2 0
github.com/disaster37/elktools/v7/kibana/saved_object.go:13.83,14.20 1 0
github.com/disaster37/elktools/v7/kibana/saved_object.go:17.2,17.15 1 0
github.com/disaster37/elktools/v7/kibana/saved_object.go:20.2,30.16 4 0
github.com/disaster37/elktools/v7/kibana/saved_object.go:35.2,36.16 2 0
github.com/disaster37/elktools/v7/kibana/saved_object.go:40.2,40.12 1 0
github.com/disaster37/elktools/v7/kibana/saved_object.go:14.20,16.3 1 0
github.com/disaster37/elktools/v7/kibana/saved_object.go:17.15,19.3 1 0
github.com/disaster37/elktools/v7/kibana/saved_object.go:30.16,32.3 1 0
github.com/disaster37/elktools/v7/kibana/saved_object.go:36.16,38.3 1 0
github.com/disaster37/elktools/v7/kibana/saved_object.go:44.45,46.16 2 0
github.com/disaster37/elktools/v7/kibana/saved_object.go:50.2,53.26 3 0
github.com/disaster37/elktools/v7/kibana/saved_object.go:56.2,56.21 1 0
github.com/disaster37/elktools/v7/kibana/saved_object.go:60.2,61.16 2 0
github.com/disaster37/elktools/v7/kibana/saved_object.go:65.2,67.12 2 0
github.com/disaster37/elktools/v7/kibana/saved_object.go:46.16,48.3 1 0
github.com/disaster37/elktools/v7/kibana/saved_object.go:53.26,55.3 1 0
github.com/disaster37/elktools/v7/kibana/saved_object.go:56.21,58.3 1 0
github.com/disaster37/elktools/v7/kibana/saved_object.go:61.16,63.3 1 0
github.com/disaster37/elktools/v7/kibana/saved_object.go:70.83,71.20 1 0
github.com/disaster37/elktools/v7/kibana/saved_object.go:74.2,74.15 1 0
github.com/disaster37/elktools/v7/kibana/saved_object.go:77.2,82.16 4 0
github.com/disaster37/elktools/v7/kibana/saved_object.go:87.2,92.16 2 0
github.com/disaster37/elktools/v7/kibana/saved_object.go:95.2,97.12 2 0
github.com/disaster37/elktools/v7/kibana/saved_object.go:71.20,73.3 1 0
github.com/disaster37/elktools/v7/kibana/saved_object.go:74.15,76.3 1 0
github.com/disaster37/elktools/v7/kibana/saved_object.go:82.16,84.3 1 0
github.com/disaster37/elktools/v7/kibana/saved_object.go:92.16,94.3 1 0
github.com/disaster37/elktools/v7/kibana/saved_object.go:101.45,103.16 2 0
github.com/disaster37/elktools/v7/kibana/saved_object.go:107.2,110.26 3 0
github.com/disaster37/elktools/v7/kibana/saved_object.go:113.2,113.21 1 0
github.com/disaster37/elktools/v7/kibana/saved_object.go:117.2,118.16 2 0
github.com/disaster37/elktools/v7/kibana/saved_object.go:122.2,124.12 2 0
github.com/disaster37/elktools/v7/kibana/saved_object.go:103.16,105.3 1 0
github.com/disaster37/elktools/v7/kibana/saved_object.go:110.26,112.3 1 0
github.com/disaster37/elktools/v7/kibana/saved_object.go:113.21,115.3 1 0
github.com/disaster37/elktools/v7/kibana/saved_object.go:118.16,120.3 1 0
github.com/disaster37/elktools/v7/elasticsearch/slm.go:13.43,16.16 2 0
github.com/disaster37/elktools/v7/elasticsearch/slm.go:20.2,21.16 2 0
github.com/disaster37/elktools/v7/elasticsearch/slm.go:25.2,27.12 2 0
github.com/disaster37/elktools/v7/elasticsearch/slm.go:16.16,18.3 1 0
github.com/disaster37/elktools/v7/elasticsearch/slm.go:21.16,23.3 1 0
github.com/disaster37/elktools/v7/elasticsearch/slm.go:31.44,34.16 2 0
github.com/disaster37/elktools/v7/elasticsearch/slm.go:38.2,39.16 2 0
github.com/disaster37/elktools/v7/elasticsearch/slm.go:43.2,45.12 2 0
github.com/disaster37/elktools/v7/elasticsearch/slm.go:34.16,36.3 1 0
github.com/disaster37/elktools/v7/elasticsearch/slm.go:39.16,41.3 1 0
github.com/disaster37/elktools/v7/elasticsearch/slm.go:49.53,56.16 2 1
github.com/disaster37/elktools/v7/elasticsearch/slm.go:60.2,62.19 2 1
github.com/disaster37/elktools/v7/elasticsearch/slm.go:65.2,66.16 2 1
github.com/disaster37/elktools/v7/elasticsearch/slm.go:70.2,72.12 2 1
github.com/disaster37/elktools/v7/elasticsearch/slm.go:56.16,58.3 1 0
github.com/disaster37/elktools/v7/elasticsearch/slm.go:62.19,64.3 1 0
github.com/disaster37/elktools/v7/elasticsearch/slm.go:66.16,68.3 1 0
github.com/disaster37/elktools/v7/elasticsearch/slm.go:75.54,81.16 2 1
github.com/disaster37/elktools/v7/elasticsearch/slm.go:85.2,87.19 2 1
github.com/disaster37/elktools/v7/elasticsearch/slm.go:90.2,91.16 2 1
github.com/disaster37/elktools/v7/elasticsearch/slm.go:95.2,97.12 2 1
github.com/disaster37/elktools/v7/elasticsearch/slm.go:81.16,83.3 1 0
github.com/disaster37/elktools/v7/elasticsearch/slm.go:87.19,89.3 1 0
github.com/disaster37/elktools/v7/elasticsearch/slm.go:91.16,93.3 1 0
github.com/disaster37/elktools/v7/elasticsearch/watcher.go:13.47,16.16 2 0
github.com/disaster37/elktools/v7/elasticsearch/watcher.go:20.2,21.16 2 0
github.com/disaster37/elktools/v7/elasticsearch/watcher.go:25.2,27.12 2 0
github.com/disaster37/elktools/v7/elasticsearch/watcher.go:16.16,18.3 1 0
github.com/disaster37/elktools/v7/elasticsearch/watcher.go:21.16,23.3 1 0
github.com/disaster37/elktools/v7/elasticsearch/watcher.go:31.48,34.16 2 0
github.com/disaster37/elktools/v7/elasticsearch/watcher.go:38.2,39.16 2 0
github.com/disaster37/elktools/v7/elasticsearch/watcher.go:43.2,45.12 2 0
github.com/disaster37/elktools/v7/elasticsearch/watcher.go:34.16,36.3 1 0
github.com/disaster37/elktools/v7/elasticsearch/watcher.go:39.16,41.3 1 0
github.com/disaster37/elktools/v7/elasticsearch/watcher.go:49.57,55.16 2 0
github.com/disaster37/elktools/v7/elasticsearch/watcher.go:59.2,61.19 2 0
github.com/disaster37/elktools/v7/elasticsearch/watcher.go:64.2,65.16 2 0
github.com/disaster37/elktools/v7/elasticsearch/watcher.go:69.2,71.12 2 0
github.com/disaster37/elktools/v7/elasticsearch/watcher.go:55.16,57.3 1 0
github.com/disaster37/elktools/v7/elasticsearch/watcher.go:61.19,63.3 1 0
github.com/disaster37/elktools/v7/elasticsearch/watcher.go:65.16,67.3 1 0
github.com/disaster37/elktools/v7/elasticsearch/watcher.go:74.58,80.16 2 0
github.com/disaster37/elktools/v7/elasticsearch/watcher.go:84.2,86.19 2 0
github.com/disaster37/elktools/v7/elasticsearch/watcher.go:89.2,90.16 2 0
github.com/disaster37/elktools/v7/elasticsearch/watcher.go:94.2,96.12 2 0
github.com/disaster37/elktools/v7/elasticsearch/watcher.go:80.16,82.3 1 0
github.com/disaster37/elktools/v7/elasticsearch/watcher.go:86.19,88.3 1 0
github.com/disaster37/elktools/v7/elasticsearch/watcher.go:90.16,92.3 1 0
github.com/disaster37/elktools/v7/elasticsearch/elasticsearch.go:18.89,20.33 1 0
github.com/disaster37/elktools/v7/elasticsearch/elasticsearch.go:24.2,36.53 7 0
github.com/disaster37/elktools/v7/elasticsearch/elasticsearch.go:44.2,45.16 2 0
github.com/disaster37/elktools/v7/elasticsearch/elasticsearch.go:49.2,50.16 2 0
github.com/disaster37/elktools/v7/elasticsearch/elasticsearch.go:54.2,54.16 1 0
github.com/disaster37/elktools/v7/elasticsearch/elasticsearch.go:20.33,22.3 1 0
github.com/disaster37/elktools/v7/elasticsearch/elasticsearch.go:36.53,42.3 1 0
github.com/disaster37/elktools/v7/elasticsearch/elasticsearch.go:45.16,47.3 1 0
github.com/disaster37/elktools/v7/elasticsearch/elasticsearch.go:50.16,52.3 1 0
github.com/disaster37/elktools/v7/elasticsearch/elasticsearch.go:58.43,61.16 2 0
github.com/disaster37/elktools/v7/elasticsearch/elasticsearch.go:65.2,66.16 2 0
github.com/disaster37/elktools/v7/elasticsearch/elasticsearch.go:70.2,72.12 2 0
github.com/disaster37/elktools/v7/elasticsearch/elasticsearch.go:61.16,63.3 1 0
github.com/disaster37/elktools/v7/elasticsearch/elasticsearch.go:66.16,68.3 1 0
github.com/disaster37/elktools/v7/elasticsearch/elasticsearch.go:75.63,78.16 2 0
github.com/disaster37/elktools/v7/elasticsearch/elasticsearch.go:82.2,84.19 2 0
github.com/disaster37/elktools/v7/elasticsearch/elasticsearch.go:87.2,88.16 2 0
github.com/disaster37/elktools/v7/elasticsearch/elasticsearch.go:92.2,92.26 1 0
github.com/disaster37/elktools/v7/elasticsearch/elasticsearch.go:78.16,80.3 1 0
github.com/disaster37/elktools/v7/elasticsearch/elasticsearch.go:84.19,86.3 1 0
github.com/disaster37/elktools/v7/elasticsearch/elasticsearch.go:88.16,90.3 1 0
github.com/disaster37/elktools/v7/elasticsearch/elasticsearch.go:95.47,98.16 2 0
github.com/disaster37/elktools/v7/elasticsearch/elasticsearch.go:102.2,103.16 2 0
github.com/disaster37/elktools/v7/elasticsearch/elasticsearch.go:107.2,107.16 1 0
github.com/disaster37/elktools/v7/elasticsearch/elasticsearch.go:119.2,119.12 1 0
github.com/disaster37/elktools/v7/elasticsearch/elasticsearch.go:98.16,100.3 1 0
github.com/disaster37/elktools/v7/elasticsearch/elasticsearch.go:103.16,105.3 1 0
github.com/disaster37/elktools/v7/elasticsearch/elasticsearch.go:108.15,110.13 2 0
github.com/disaster37/elktools/v7/elasticsearch/elasticsearch.go:111.16,113.13 2 0
github.com/disaster37/elktools/v7/elasticsearch/elasticsearch.go:114.13,116.13 2 0
github.com/disaster37/elktools/v7/elasticsearch/elasticsearch.go:122.67,126.16 2 0
github.com/disaster37/elktools/v7/elasticsearch/elasticsearch.go:130.2,132.19 2 0
github.com/disaster37/elktools/v7/elasticsearch/elasticsearch.go:135.2,136.16 2 0
github.com/disaster37/elktools/v7/elasticsearch/elasticsearch.go:140.2,142.16 3 0
github.com/disaster37/elktools/v7/elasticsearch/elasticsearch.go:146.2,146.43 1 0
github.com/disaster37/elktools/v7/elasticsearch/elasticsearch.go:126.16,128.3 1 0
github.com/disaster37/elktools/v7/elasticsearch/elasticsearch.go:132.19,134.3 1 0
github.com/disaster37/elktools/v7/elasticsearch/elasticsearch.go:136.16,138.3 1 0
github.com/disaster37/elktools/v7/elasticsearch/elasticsearch.go:142.16,144.3 1 0
github.com/disaster37/elktools/v7/elasticsearch/elasticsearch.go:150.59,153.16 2 0
github.com/disaster37/elktools/v7/elasticsearch/elasticsearch.go:157.2,158.16 2 0
github.com/disaster37/elktools/v7/elasticsearch/elasticsearch.go:162.2,164.12 2 0
github.com/disaster37/elktools/v7/elasticsearch/elasticsearch.go:153.16,155.3 1 0
github.com/disaster37/elktools/v7/elasticsearch/elasticsearch.go:158.16,160.3 1 0
github.com/disaster37/elktools/v7/elasticsearch/elasticsearch.go:167.60,170.16 2 0
github.com/disaster37/elktools/v7/elasticsearch/elasticsearch.go:174.2,175.16 2 0
github.com/disaster37/elktools/v7/elasticsearch/elasticsearch.go:179.2,181.12 2 0
github.com/disaster37/elktools/v7/elasticsearch/elasticsearch.go:170.16,172.3 1 0
github.com/disaster37/elktools/v7/elasticsearch/elasticsearch.go:175.16,177.3 1 0
github.com/disaster37/elktools/v7/elasticsearch/elasticsearch.go:184.62,194.2 3 0
github.com/disaster37/elktools/v7/elasticsearch/elasticsearch.go:196.63,206.2 3 0
github.com/disaster37/elktools/v7/elasticsearch/elasticsearch.go:208.90,213.16 3 0
github.com/disaster37/elktools/v7/elasticsearch/elasticsearch.go:217.2,221.16 2 0
github.com/disaster37/elktools/v7/elasticsearch/elasticsearch.go:225.2,227.19 2 0
github.com/disaster37/elktools/v7/elasticsearch/elasticsearch.go:230.2,231.16 2 0
github.com/disaster37/elktools/v7/elasticsearch/elasticsearch.go:235.2,237.12 2 0
github.com/disaster37/elktools/v7/elasticsearch/elasticsearch.go:213.16,215.3 1 0
github.com/disaster37/elktools/v7/elasticsearch/elasticsearch.go:221.16,223.3 1 0
github.com/disaster37/elktools/v7/elasticsearch/elasticsearch.go:227.19,229.3 1 0
github.com/disaster37/elktools/v7/elasticsearch/elasticsearch.go:231.16,233.3 1 0
github.com/disaster37/elktools/v7/elasticsearch/ilm.go:18.44,21.16 2 0
github.com/disaster37/elktools/v7/elasticsearch/ilm.go:25.2,28.29 3 0
github.com/disaster37/elktools/v7/elasticsearch/ilm.go:31.2,31.31 1 0
github.com/disaster37/elktools/v7/elasticsearch/ilm.go:35.2,36.16 2 0
github.com/disaster37/elktools/v7/elasticsearch/ilm.go:40.2,42.12 2 0
github.com/disaster37/elktools/v7/elasticsearch/ilm.go:21.16,23.3 1 0
github.com/disaster37/elktools/v7/elasticsearch/ilm.go:28.29,30.3 1 0
github.com/disaster37/elktools/v7/elasticsearch/ilm.go:31.31,33.3 1 0
github.com/disaster37/elktools/v7/elasticsearch/ilm.go:36.16,38.3 1 0
github.com/disaster37/elktools/v7/elasticsearch/ilm.go:46.88,48.14 1 0
github.com/disaster37/elktools/v7/elasticsearch/ilm.go:51.2,51.16 1 0
github.com/disaster37/elktools/v7/elasticsearch/ilm.go:55.2,55.15 1 0
github.com/disaster37/elktools/v7/elasticsearch/ilm.go:59.2,64.16 4 0
github.com/disaster37/elktools/v7/elasticsearch/ilm.go:67.2,77.16 4 0
github.com/disaster37/elktools/v7/elasticsearch/ilm.go:81.2,83.19 2 0
github.com/disaster37/elktools/v7/elasticsearch/ilm.go:86.2,87.16 2 0
github.com/disaster37/elktools/v7/elasticsearch/ilm.go:91.2,91.26 1 0
github.com/disaster37/elktools/v7/elasticsearch/ilm.go:48.14,50.3 1 0
github.com/disaster37/elktools/v7/elasticsearch/ilm.go:51.16,53.3 1 0
github.com/disaster37/elktools/v7/elasticsearch/ilm.go:55.15,57.3 1 0
github.com/disaster37/elktools/v7/elasticsearch/ilm.go:64.16,66.3 1 0
github.com/disaster37/elktools/v7/elasticsearch/ilm.go:77.16,79.3 1 0
github.com/disaster37/elktools/v7/elasticsearch/ilm.go:83.19,85.3 1 0
github.com/disaster37/elktools/v7/elasticsearch/ilm.go:87.16,89.3 1 0
github.com/disaster37/elktools/v7/elasticsearch/ilm.go:95.42,98.16 2 0
github.com/disaster37/elktools/v7/elasticsearch/ilm.go:102.2,105.29 3 0
github.com/disaster37/elktools/v7/elasticsearch/ilm.go:108.2,108.31 1 0
github.com/disaster37/elktools/v7/elasticsearch/ilm.go:112.2,116.16 4 0
github.com/disaster37/elktools/v7/elasticsearch/ilm.go:120.2,122.12 2 0
github.com/disaster37/elktools/v7/elasticsearch/ilm.go:98.16,100.3 1 0
github.com/disaster37/elktools/v7/elasticsearch/ilm.go:105.29,107.3 1 0
github.com/disaster37/elktools/v7/elasticsearch/ilm.go:108.31,110.3 1 0
github.com/disaster37/elktools/v7/elasticsearch/ilm.go:116.16,118.3 1 0
github.com/disaster37/elktools/v7/elasticsearch/ilm.go:126.86,128.14 1 0
github.com/disaster37/elktools/v7/elasticsearch/ilm.go:131.2,131.16 1 0
github.com/disaster37/elktools/v7/elasticsearch/ilm.go:135.2,135.15 1 0
github.com/disaster37/elktools/v7/elasticsearch/ilm.go:139.2,148.16 4 0
github.com/disaster37/elktools/v7/elasticsearch/ilm.go:151.2,152.19 2 0
github.com/disaster37/elktools/v7/elasticsearch/ilm.go:155.2,156.16 2 0
github.com/disaster37/elktools/v7/elasticsearch/ilm.go:159.2,163.16 3 0
github.com/disaster37/elktools/v7/elasticsearch/ilm.go:167.2,167.26 1 0
github.com/disaster37/elktools/v7/elasticsearch/ilm.go:128.14,130.3 1 0
github.com/disaster37/elktools/v7/elasticsearch/ilm.go:131.16,133.3 1 0
github.com/disaster37/elktools/v7/elasticsearch/ilm.go:135.15,137.3 1 0
github.com/disaster37/elktools/v7/elasticsearch/ilm.go:148.16,150.3 1 0
github.com/disaster37/elktools/v7/elasticsearch/ilm.go:152.19,154.3 1 0
github.com/disaster37/elktools/v7/elasticsearch/ilm.go:156.16,158.3 1 0
github.com/disaster37/elktools/v7/elasticsearch/ilm.go:163.16,165.3 1 0
github.com/disaster37/elktools/v7/elasticsearch/ilm.go:173.44,176.16 2 0
github.com/disaster37/elktools/v7/elasticsearch/ilm.go:180.2,182.29 2 0
github.com/disaster37/elktools/v7/elasticsearch/ilm.go:186.2,189.16 3 0
github.com/disaster37/elktools/v7/elasticsearch/ilm.go:193.2,195.12 2 0
github.com/disaster37/elktools/v7/elasticsearch/ilm.go:176.16,178.3 1 0
github.com/disaster37/elktools/v7/elasticsearch/ilm.go:182.29,184.3 1 0
github.com/disaster37/elktools/v7/elasticsearch/ilm.go:189.16,191.3 1 0
github.com/disaster37/elktools/v7/elasticsearch/ilm.go:199.75,201.14 1 0
github.com/disaster37/elktools/v7/elasticsearch/ilm.go:205.2,205.15 1 0
github.com/disaster37/elktools/v7/elasticsearch/ilm.go:209.2,217.16 3 0
github.com/disaster37/elktools/v7/elasticsearch/ilm.go:221.2,223.19 2 0
github.com/disaster37/elktools/v7/elasticsearch/ilm.go:226.2,227.16 2 0
github.com/disaster37/elktools/v7/elasticsearch/ilm.go:231.2,231.26 1 0
github.com/disaster37/elktools/v7/elasticsearch/ilm.go:201.14,203.3 1 0
github.com/disaster37/elktools/v7/elasticsearch/ilm.go:205.15,207.3 1 0
github.com/disaster37/elktools/v7/elasticsearch/ilm.go:217.16,219.3 1 0
github.com/disaster37/elktools/v7/elasticsearch/ilm.go:223.19,225.3 1 0
github.com/disaster37/elktools/v7/elasticsearch/ilm.go:227.16,229.3 1 0
github.com/disaster37/elktools/v7/elasticsearch/ilm.go:236.47,239.16 2 0
github.com/disaster37/elktools/v7/elasticsearch/ilm.go:243.2,245.35 2 0
github.com/disaster37/elktools/v7/elasticsearch/ilm.go:249.2,252.16 3 0
github.com/disaster37/elktools/v7/elasticsearch/ilm.go:256.2,258.12 2 0
github.com/disaster37/elktools/v7/elasticsearch/ilm.go:239.16,241.3 1 0
github.com/disaster37/elktools/v7/elasticsearch/ilm.go:245.35,247.3 1 0
github.com/disaster37/elktools/v7/elasticsearch/ilm.go:252.16,254.3 1 0
github.com/disaster37/elktools/v7/elasticsearch/ilm.go:263.96,264.16 1 0
github.com/disaster37/elktools/v7/elasticsearch/ilm.go:268.2,268.15 1 0
github.com/disaster37/elktools/v7/elasticsearch/ilm.go:273.2,277.16 2 0
github.com/disaster37/elktools/v7/elasticsearch/ilm.go:280.2,281.19 2 0
github.com/disaster37/elktools/v7/elasticsearch/ilm.go:284.2,286.16 3 0
github.com/disaster37/elktools/v7/elasticsearch/ilm.go:290.2,292.16 3 0
github.com/disaster37/elktools/v7/elasticsearch/ilm.go:296.2,296.39 1 0
github.com/disaster37/elktools/v7/elasticsearch/ilm.go:312.2,312.15 1 0
github.com/disaster37/elktools/v7/elasticsearch/ilm.go:264.16,266.3 1 0
github.com/disaster37/elktools/v7/elasticsearch/ilm.go:268.15,270.3 1 0
github.com/disaster37/elktools/v7/elasticsearch/ilm.go:277.16,279.3 1 0
github.com/disaster37/elktools/v7/elasticsearch/ilm.go:281.19,283.3 1 0
github.com/disaster37/elktools/v7/elasticsearch/ilm.go:286.16,288.3 1 0
github.com/disaster37/elktools/v7/elasticsearch/ilm.go:292.16,294.3 1 0
github.com/disaster37/elktools/v7/elasticsearch/ilm.go:296.39,301.17 3 0
github.com/disaster37/elktools/v7/elasticsearch/ilm.go:304.3,305.17 2 0
github.com/disaster37/elktools/v7/elasticsearch/ilm.go:309.3,309.85 1 0
github.com/disaster37/elktools/v7/elasticsearch/ilm.go:301.17,303.4 1 0
github.com/disaster37/elktools/v7/elasticsearch/ilm.go:305.17,307.4 1 0
github.com/disaster37/elktools/v7/elasticsearch/ilm.go:317.49,320.16 2 0
github.com/disaster37/elktools/v7/elasticsearch/ilm.go:324.2,326.35 2 0
github.com/disaster37/elktools/v7/elasticsearch/ilm.go:330.2,333.16 3 0
github.com/disaster37/elktools/v7/elasticsearch/ilm.go:337.2,339.12 2 0
github.com/disaster37/elktools/v7/elasticsearch/ilm.go:320.16,322.3 1 0
github.com/disaster37/elktools/v7/elasticsearch/ilm.go:326.35,328.3 1 0
github.com/disaster37/elktools/v7/elasticsearch/ilm.go:333.16,335.3 1 0
github.com/disaster37/elktools/v7/elasticsearch/ilm.go:345.84,346.16 1 0
github.com/disaster37/elktools/v7/elasticsearch/ilm.go:350.2,350.15 1 0
github.com/disaster37/elktools/v7/elasticsearch/ilm.go:355.2,356.16 2 0
github.com/disaster37/elktools/v7/elasticsearch/ilm.go:360.2,360.29 1 0
github.com/disaster37/elktools/v7/elasticsearch/ilm.go:377.2,377.19 1 0
github.com/disaster37/elktools/v7/elasticsearch/ilm.go:346.16,348.3 1 0
github.com/disaster37/elktools/v7/elasticsearch/ilm.go:350.15,352.3 1 0
github.com/disaster37/elktools/v7/elasticsearch/ilm.go:356.16,358.3 1 0
github.com/disaster37/elktools/v7/elasticsearch/ilm.go:360.29,364.19 2 0
github.com/disaster37/elktools/v7/elasticsearch/ilm.go:368.3,369.17 2 0
github.com/disaster37/elktools/v7/elasticsearch/ilm.go:373.3,373.74 1 0
github.com/disaster37/elktools/v7/elasticsearch/ilm.go:364.19,366.4 1 0
github.com/disaster37/elktools/v7/elasticsearch/ilm.go:369.17,371.4 1 0
github.com/disaster37/elktools/v7/elasticsearch/ilm.go:382.47,385.16 2 0
github.com/disaster37/elktools/v7/elasticsearch/ilm.go:389.2,391.30 2 0
github.com/disaster37/elktools/v7/elasticsearch/ilm.go:395.2,398.16 3 0
github.com/disaster37/elktools/v7/elasticsearch/ilm.go:402.2,403.12 2 0
github.com/disaster37/elktools/v7/elasticsearch/ilm.go:385.16,387.3 1 0
github.com/disaster37/elktools/v7/elasticsearch/ilm.go:391.30,393.3 1 0
github.com/disaster37/elktools/v7/elasticsearch/ilm.go:398.16,400.3 1 0
github.com/disaster37/elktools/v7/elasticsearch/ilm.go:407.81,408.17 1 0
github.com/disaster37/elktools/v7/elasticsearch/ilm.go:412.2,412.15 1 0
github.com/disaster37/elktools/v7/elasticsearch/ilm.go:416.2,424.19 3 0
github.com/disaster37/elktools/v7/elasticsearch/ilm.go:427.2,428.16 2 0
github.com/disaster37/elktools/v7/elasticsearch/ilm.go:432.2,432.26 1 0
github.com/disaster37/elktools/v7/elasticsearch/ilm.go:408.17,410.3 1 0
github.com/disaster37/elktools/v7/elasticsearch/ilm.go:412.15,414.3 1 0
github.com/disaster37/elktools/v7/elasticsearch/ilm.go:424.19,426.3 1 0
github.com/disaster37/elktools/v7/elasticsearch/ilm.go:428.16,430.3 1 0
github.com/disaster37/elktools/v7/elasticsearch/ilm.go:436.54,442.16 2 0
github.com/disaster37/elktools/v7/elasticsearch/ilm.go:446.2,448.19 2 0
github.com/disaster37/elktools/v7/elasticsearch/ilm.go:451.2,452.16 2 0
github.com/disaster37/elktools/v7/elasticsearch/ilm.go:456.2,458.12 2 0
github.com/disaster37/elktools/v7/elasticsearch/ilm.go:442.16,444.3 1 0
github.com/disaster37/elktools/v7/elasticsearch/ilm.go:448.19,450.3 1 0
github.com/disaster37/elktools/v7/elasticsearch/ilm.go:452.16,454.3 1 0
github.com/disaster37/elktools/v7/elasticsearch/ilm.go:461.53,467.16 2 0
github.com/disaster37/elktools/v7/elasticsearch/ilm.go:471.2,473.19 2 0
github.com/disaster37/elktools/v7/elasticsearch/ilm.go:476.2,477.16 2 0
github.com/disaster37/elktools/v7/elasticsearch/ilm.go:481.2,483.12 2 0
github.com/disaster37/elktools/v7/elasticsearch/ilm.go:467.16,469.3 1 0
github.com/disaster37/elktools/v7/elasticsearch/ilm.go:473.19,475.3 1 0
github.com/disaster37/elktools/v7/elasticsearch/ilm.go:477.16,479.3 1 0
github.com/disaster37/elktools/v7/elasticsearch/ilm.go:486.43,489.16 2 0
github.com/disaster37/elktools/v7/elasticsearch/ilm.go:493.2,494.16 2 0
github.com/disaster37/elktools/v7/elasticsearch/ilm.go:498.2,500.12 2 0
github.com/disaster37/elktools/v7/elasticsearch/ilm.go:489.16,491.3 1 0
github.com/disaster37/elktools/v7/elasticsearch/ilm.go:494.16,496.3 1 0
github.com/disaster37/elktools/v7/elasticsearch/ilm.go:504.44,507.16 2 0
github.com/disaster37/elktools/v7/elasticsearch/ilm.go:511.2,512.16 2 0
github.com/disaster37/elktools/v7/elasticsearch/ilm.go:516.2,518.12 2 0
github.com/disaster37/elktools/v7/elasticsearch/ilm.go:507.16,509.3 1 0
github.com/disaster37/elktools/v7/elasticsearch/ilm.go:512.16,514.3 1 0
github.com/disaster37/elktools/v7/elasticsearch/indice.go:15.41,18.16 2 0
github.com/disaster37/elktools/v7/elasticsearch/indice.go:22.2,24.22 3 0
github.com/disaster37/elktools/v7/elasticsearch/indice.go:27.2,27.29 1 0
github.com/disaster37/elktools/v7/elasticsearch/indice.go:30.2,34.16 4 0
github.com/disaster37/elktools/v7/elasticsearch/indice.go:38.2,40.12 2 0
github.com/disaster37/elktools/v7/elasticsearch/indice.go:18.16,20.3 1 0
github.com/disaster37/elktools/v7/elasticsearch/indice.go:24.22,26.3 1 0
github.com/disaster37/elktools/v7/elasticsearch/indice.go:27.29,29.3 1 0
github.com/disaster37/elktools/v7/elasticsearch/indice.go:34.16,36.3 1 0
github.com/disaster37/elktools/v7/elasticsearch/indice.go:45.87,46.16 1 0
github.com/disaster37/elktools/v7/elasticsearch/indice.go:49.2,49.16 1 0
github.com/disaster37/elktools/v7/elasticsearch/indice.go:52.2,52.15 1 0
github.com/disaster37/elktools/v7/elasticsearch/indice.go:55.2,60.16 4 0
github.com/disaster37/elktools/v7/elasticsearch/indice.go:63.2,73.16 4 0
github.com/disaster37/elktools/v7/elasticsearch/indice.go:77.2,79.19 2 0
github.com/disaster37/elktools/v7/elasticsearch/indice.go:82.2,83.16 2 0
github.com/disaster37/elktools/v7/elasticsearch/indice.go:87.2,87.26 1 0
github.com/disaster37/elktools/v7/elasticsearch/indice.go:46.16,48.3 1 0
github.com/disaster37/elktools/v7/elasticsearch/indice.go:49.16,51.3 1 0
github.com/disaster37/elktools/v7/elasticsearch/indice.go:52.15,54.3 1 0
github.com/disaster37/elktools/v7/elasticsearch/indice.go:60.16,62.3 1 0
github.com/disaster37/elktools/v7/elasticsearch/indice.go:73.16,75.3 1 0
github.com/disaster37/elktools/v7/elasticsearch/indice.go:79.19,81.3 1 0
github.com/disaster37/elktools/v7/elasticsearch/indice.go:83.16,85.3 1 0
github.com/disaster37/elktools/v7/elasticsearch/indiceTemplate.go:16.49,19.16 2 0
github.com/disaster37/elktools/v7/elasticsearch/indiceTemplate.go:23.2,25.28 3 0
github.com/disaster37/elktools/v7/elasticsearch/indiceTemplate.go:28.2,28.30 1 0
github.com/disaster37/elktools/v7/elasticsearch/indiceTemplate.go:31.2,35.16 4 0
github.com/disaster37/elktools/v7/elasticsearch/indiceTemplate.go:39.2,41.12 2 0
github.com/disaster37/elktools/v7/elasticsearch/indiceTemplate.go:19.16,21.3 1 0
github.com/disaster37/elktools/v7/elasticsearch/indiceTemplate.go:25.28,27.3 1 0
github.com/disaster37/elktools/v7/elasticsearch/indiceTemplate.go:28.30,30.3 1 0
github.com/disaster37/elktools/v7/elasticsearch/indiceTemplate.go:35.16,37.3 1 0
github.com/disaster37/elktools/v7/elasticsearch/indiceTemplate.go:46.93,47.14 1 0
github.com/disaster37/elktools/v7/elasticsearch/indiceTemplate.go:50.2,50.16 1 0
github.com/disaster37/elktools/v7/elasticsearch/indiceTemplate.go:53.2,53.15 1 0
github.com/disaster37/elktools/v7/elasticsearch/indiceTemplate.go:56.2,61.16 4 0
github.com/disaster37/elktools/v7/elasticsearch/indiceTemplate.go:64.2,74.16 4 0
github.com/disaster37/elktools/v7/elasticsearch/indiceTemplate.go:78.2,80.19 2 0
github.com/disaster37/elktools/v7/elasticsearch/indiceTemplate.go:83.2,84.16 2 0
github.com/disaster37/elktools/v7/elasticsearch/indiceTemplate.go:88.2,88.26 1 0
github.com/disaster37/elktools/v7/elasticsearch/indiceTemplate.go:47.14,49.3 1 0
github.com/disaster37/elktools/v7/elasticsearch/indiceTemplate.go:50.16,52.3 1 0
github.com/disaster37/elktools/v7/elasticsearch/indiceTemplate.go:53.15,55.3 1 0
github.com/disaster37/elktools/v7/elasticsearch/indiceTemplate.go:61.16,63.3 1 0
github.com/disaster37/elktools/v7/elasticsearch/indiceTemplate.go:74.16,76.3 1 0
github.com/disaster37/elktools/v7/elasticsearch/indiceTemplate.go:80.19,82.3 1 0
github.com/disaster37/elktools/v7/elasticsearch/indiceTemplate.go:84.16,86.3 1 0
github.com/disaster37/elktools/v7/elasticsearch/indiceTemplate.go:92.53,95.16 2 0
github.com/disaster37/elktools/v7/elasticsearch/indiceTemplate.go:99.2,100.30 2 0
github.com/disaster37/elktools/v7/elasticsearch/indiceTemplate.go:103.2,106.16 3 0
github.com/disaster37/elktools/v7/elasticsearch/indiceTemplate.go:110.2,112.12 2 0
github.com/disaster37/elktools/v7/elasticsearch/indiceTemplate.go:95.16,97.3 1 0
github.com/disaster37/elktools/v7/elasticsearch/indiceTemplate.go:100.30,102.3 1 0
github.com/disaster37/elktools/v7/elasticsearch/indiceTemplate.go:106.16,108.3 1 0
github.com/disaster37/elktools/v7/elasticsearch/indiceTemplate.go:117.88,118.16 1 0
github.com/disaster37/elktools/v7/elasticsearch/indiceTemplate.go:121.2,121.15 1 0
github.com/disaster37/elktools/v7/elasticsearch/indiceTemplate.go:124.2,128.16 3 0
github.com/disaster37/elktools/v7/elasticsearch/indiceTemplate.go:131.2,131.33 1 0
github.com/disaster37/elktools/v7/elasticsearch/indiceTemplate.go:148.2,148.23 1 0
github.com/disaster37/elktools/v7/elasticsearch/indiceTemplate.go:118.16,120.3 1 0
github.com/disaster37/elktools/v7/elasticsearch/indiceTemplate.go:121.15,123.3 1 0
github.com/disaster37/elktools/v7/elasticsearch/indiceTemplate.go:128.16,130.3 1 0
github.com/disaster37/elktools/v7/elasticsearch/indiceTemplate.go:131.33,135.19 2 0
github.com/disaster37/elktools/v7/elasticsearch/indiceTemplate.go:139.3,140.17 2 0
github.com/disaster37/elktools/v7/elasticsearch/indiceTemplate.go:144.3,144.72 1 0
github.com/disaster37/elktools/v7/elasticsearch/indiceTemplate.go:135.19,137.4 1 0
github.com/disaster37/elktools/v7/elasticsearch/indiceTemplate.go:140.17,142.4 1 0
github.com/disaster37/elktools/v7/elasticsearch/indiceTemplate.go:153.49,156.16 2 0
github.com/disaster37/elktools/v7/elasticsearch/indiceTemplate.go:160.2,161.28 2 0
github.com/disaster37/elktools/v7/elasticsearch/indiceTemplate.go:164.2,167.16 3 0
github.com/disaster37/elktools/v7/elasticsearch/indiceTemplate.go:171.2,173.12 2 0
github.com/disaster37/elktools/v7/elasticsearch/indiceTemplate.go:156.16,158.3 1 0
github.com/disaster37/elktools/v7/elasticsearch/indiceTemplate.go:161.28,163.3 1 0
github.com/disaster37/elktools/v7/elasticsearch/indiceTemplate.go:167.16,169.3 1 0
github.com/disaster37/elktools/v7/elasticsearch/indiceTemplate.go:178.80,179.14 1 0
github.com/disaster37/elktools/v7/elasticsearch/indiceTemplate.go:182.2,182.15 1 0
github.com/disaster37/elktools/v7/elasticsearch/indiceTemplate.go:185.2,193.16 3 0
github.com/disaster37/elktools/v7/elasticsearch/indiceTemplate.go:197.2,199.19 2 0
github.com/disaster37/elktools/v7/elasticsearch/indiceTemplate.go:202.2,203.16 2 0
github.com/disaster37/elktools/v7/elasticsearch/indiceTemplate.go:207.2,207.26 1 0
github.com/disaster37/elktools/v7/elasticsearch/indiceTemplate.go:179.14,181.3 1 0
github.com/disaster37/elktools/v7/elasticsearch/indiceTemplate.go:182.15,184.3 1 0
github.com/disaster37/elktools/v7/elasticsearch/indiceTemplate.go:193.16,195.3 1 0
github.com/disaster37/elktools/v7/elasticsearch/indiceTemplate.go:199.19,201.3 1 0
github.com/disaster37/elktools/v7/elasticsearch/indiceTemplate.go:203.16,205.3 1 0
github.com/disaster37/elktools/v7/elasticsearch/indiceTemplate.go:212.47,215.16 2 0
github.com/disaster37/elktools/v7/elasticsearch/indiceTemplate.go:219.2,221.28 3 0
github.com/disaster37/elktools/v7/elasticsearch/indiceTemplate.go:224.2,224.30 1 0
github.com/disaster37/elktools/v7/elasticsearch/indiceTemplate.go:227.2,231.16 4 0
github.com/disaster37/elktools/v7/elasticsearch/indiceTemplate.go:235.2,237.12 2 0
github.com/disaster37/elktools/v7/elasticsearch/indiceTemplate.go:215.16,217.3 1 0
github.com/disaster37/elktools/v7/elasticsearch/indiceTemplate.go:221.28,223.3 1 0
github.com/disaster37/elktools/v7/elasticsearch/indiceTemplate.go:224.30,226.3 1 0
github.com/disaster37/elktools/v7/elasticsearch/indiceTemplate.go:231.16,233.3 1 0
github.com/disaster37/elktools/v7/elasticsearch/indiceTemplate.go:242.91,244.14 1 0
github.com/disaster37/elktools/v7/elasticsearch/indiceTemplate.go:247.2,247.16 1 0
github.com/disaster37/elktools/v7/elasticsearch/indiceTemplate.go:250.2,250.15 1 0
github.com/disaster37/elktools/v7/elasticsearch/indiceTemplate.go:253.2,262.16 4 0
github.com/disaster37/elktools/v7/elasticsearch/indiceTemplate.go:266.2,268.19 2 0
github.com/disaster37/elktools/v7/elasticsearch/indiceTemplate.go:271.2,272.16 2 0
github.com/disaster37/elktools/v7/elasticsearch/indiceTemplate.go:276.2,277.16 2 0
github.com/disaster37/elktools/v7/elasticsearch/indiceTemplate.go:281.2,281.26 1 0
github.com/disaster37/elktools/v7/elasticsearch/indiceTemplate.go:244.14,246.3 1 0
github.com/disaster37/elktools/v7/elasticsearch/indiceTemplate.go:247.16,249.3 1 0
github.com/disaster37/elktools/v7/elasticsearch/indiceTemplate.go:250.15,252.3 1 0
github.com/disaster37/elktools/v7/elasticsearch/indiceTemplate.go:262.16,264.3 1 0
github.com/disaster37/elktools/v7/elasticsearch/indiceTemplate.go:268.19,270.3 1 0
github.com/disaster37/elktools/v7/elasticsearch/indiceTemplate.go:272.16,274.3 1 0
github.com/disaster37/elktools/v7/elasticsearch/indiceTemplate.go:277.16,279.3 1 0
github.com/disaster37/elktools/v7/elasticsearch/ml.go:13.48,16.16 2 0
github.com/disaster37/elktools/v7/elasticsearch/ml.go:20.2,21.16 2 0
github.com/disaster37/elktools/v7/elasticsearch/ml.go:25.2,27.12 2 0
github.com/disaster37/elktools/v7/elasticsearch/ml.go:16.16,18.3 1 0
github.com/disaster37/elktools/v7/elasticsearch/ml.go:21.16,23.3 1 0
github.com/disaster37/elktools/v7/elasticsearch/ml.go:31.49,34.16 2 0
github.com/disaster37/elktools/v7/elasticsearch/ml.go:38.2,39.16 2 0
github.com/disaster37/elktools/v7/elasticsearch/ml.go:43.2,45.12 2 0
github.com/disaster37/elktools/v7/elasticsearch/ml.go:34.16,36.3 1 0
github.com/disaster37/elktools/v7/elasticsearch/ml.go:39.16,41.3 1 0
github.com/disaster37/elktools/v7/elasticsearch/ml.go:49.58,56.16 2 0
github.com/disaster37/elktools/v7/elasticsearch/ml.go:60.2,62.19 2 0
github.com/disaster37/elktools/v7/elasticsearch/ml.go:65.2,66.16 2 0
github.com/disaster37/elktools/v7/elasticsearch/ml.go:70.2,72.12 2 0
github.com/disaster37/elktools/v7/elasticsearch/ml.go:56.16,58.3 1 0
github.com/disaster37/elktools/v7/elasticsearch/ml.go:62.19,64.3 1 0
github.com/disaster37/elktools/v7/elasticsearch/ml.go:66.16,68.3 1 0
github.com/disaster37/elktools/v7/elasticsearch/ml.go:75.59,82.16 2 0
github.com/disaster37/elktools/v7/elasticsearch/ml.go:86.2,88.19 2 0
github.com/disaster37/elktools/v7/elasticsearch/ml.go:91.2,92.16 2 0
github.com/disaster37/elktools/v7/elasticsearch/ml.go:96.2,98.12 2 0
github.com/disaster37/elktools/v7/elasticsearch/ml.go:82.16,84.3 1 0
github.com/disaster37/elktools/v7/elasticsearch/ml.go:88.19,90.3 1 0
github.com/disaster37/elktools/v7/elasticsearch/ml.go:92.16,94.3 1 0
